<?xml version="1.0" encoding="UTF-8"?>
<!-- Generated by org.testng.reporters.JUnitReportReporter -->
<testsuite hostname="DESKTOP-IU1K0EU" failures="0" tests="1" name="com.testCases.LoginPageTest" time="14.452" errors="0" timestamp="2021-09-20T16:32:43 IST" skipped="0">
  <testcase classname="com.testCases.LoginPageTest" name="loginPageTitleTest" time="14.452"/>
  <system-out/>
</testsuite> <!-- com.testCases.LoginPageTest -->
