<?xml version="1.0" encoding="UTF-8"?>
<!-- Generated by org.testng.reporters.JUnitReportReporter -->
<testsuite hostname="DESKTOP-IU1K0EU" failures="0" tests="1" name="com.testCases.testCase1" time="7.666" errors="0" timestamp="2021-09-20T14:20:40 IST" skipped="0">
  <testcase classname="com.testCases.testCase1" name="testOne" time="7.666"/>
  <system-out/>
</testsuite> <!-- com.testCases.testCase1 -->
