<?xml version="1.0" encoding="UTF-8"?>
<!-- Generated by org.testng.reporters.JUnitReportReporter -->
<testsuite hostname="DESKTOP-IU1K0EU" failures="0" tests="3" name="testNG.Day3" time="0.008" errors="0" timestamp="2021-09-16T15:01:14 IST" skipped="0">
  <testcase classname="testNG.Day3" name="pcLogin" time="0.001"/>
  <system-out/>
  <testcase classname="testNG.Day3" name="mobileLogin" time="0.007"/>
  <system-out/>
  <testcase classname="testNG.Day3" name="webLogin" time="0.000"/>
  <system-out/>
</testsuite> <!-- testNG.Day3 -->
