<?xml version="1.0" encoding="UTF-8"?>
<!-- Generated by org.testng.reporters.JUnitReportReporter -->
<testsuite hostname="DESKTOP-IU1K0EU" failures="0" tests="1" name="testNG.Demo" time="0.001" errors="0" timestamp="2021-09-16T15:01:14 IST" skipped="0">
  <testcase classname="testNG.Demo" name="demo1" time="0.001"/>
  <system-out/>
</testsuite> <!-- testNG.Demo -->
